SF:lib/src/cubits/board_cubit.dart
DA:11,3
DA:13,1
DA:15,2
DA:16,2
DA:17,2
DA:19,2
DA:23,1
DA:24,1
DA:25,1
DA:29,2
DA:30,1
DA:32,2
DA:33,2
DA:35,2
DA:39,1
DA:40,1
DA:41,1
DA:45,2
DA:46,1
DA:48,2
DA:49,2
DA:51,2
DA:55,1
DA:56,1
DA:57,1
DA:61,2
DA:62,1
DA:63,3
DA:65,2
DA:66,2
DA:68,2
DA:72,1
DA:74,2
LF:33
LH:33
end_of_record
SF:lib/src/models/task.dart
DA:8,2
DA:14,0
DA:15,0
DA:17,1
DA:22,1
DA:23,1
DA:24,1
DA:25,0
LF:8
LH:5
end_of_record
SF:lib/src/states/board_state.dart
DA:10,1
DA:14,3
DA:20,1
LF:3
LH:3
end_of_record
SF:lib/main.dart
DA:3,0
DA:4,0
DA:8,2
DA:11,1
DA:13,1
DA:15,1
DA:31,1
DA:40,1
DA:53,1
DA:54,1
DA:60,1
DA:61,2
DA:67,2
DA:71,1
DA:79,1
DA:80,1
DA:84,3
DA:87,3
DA:89,1
DA:92,1
DA:107,1
DA:111,1
DA:112,2
DA:113,3
DA:118,1
DA:119,1
LF:26
LH:24
end_of_record
